<?xml version="1.0" encoding="UTF-8"?>
<!-- Generated by org.testng.reporters.JUnitReportReporter -->
<testsuite hostname="DESKTOP-VC7TINH" failures="0" tests="3" name="Test_2.Test_D_3" time="63.897" errors="0" timestamp="2022-08-14T16:56:15 IST" skipped="0">
  <testcase classname="Test_2.Test_D_3" name="test1" time="25.004"/>
  <system-out/>
  <testcase classname="Test_2.Test_D_3" name="test3" time="24.408"/>
  <system-out/>
  <testcase classname="Test_2.Test_D_3" name="test2" time="14.485"/>
  <system-out/>
</testsuite> <!-- Test_2.Test_D_3 -->
