<?xml version="1.0" encoding="UTF-8"?>
<!-- Generated by org.testng.reporters.JUnitReportReporter -->
<testsuite hostname="DESKTOP-VC7TINH" failures="0" tests="2" name="Test_2.Test_D_2" time="0.020" errors="0" timestamp="2022-08-14T16:56:15 IST" skipped="0">
  <testcase classname="Test_2.Test_D_2" name="Test_2" time="0.016"/>
  <system-out/>
  <testcase classname="Test_2.Test_D_2" name="Test_1" time="0.004"/>
  <system-out/>
</testsuite> <!-- Test_2.Test_D_2 -->
