<?xml version="1.0" encoding="UTF-8"?>
<!-- Generated by org.testng.reporters.JUnitReportReporter -->
<testsuite hostname="DESKTOP-VC7TINH" failures="0" tests="4" name="Test_2.Test_D_8" time="0.022" errors="0" timestamp="2022-08-18T21:13:15 IST" skipped="0">
  <testcase classname="Test_2.Test_D_8" name="test_A" time="0.012"/>
  <system-out/>
  <testcase classname="Test_2.Test_D_8" name="test_B" time="0.003"/>
  <system-out/>
  <testcase classname="Test_2.Test_D_8" name="test_D" time="0.003"/>
  <system-out/>
  <testcase classname="Test_2.Test_D_8" name="test_C" time="0.004"/>
  <system-out/>
</testsuite> <!-- Test_2.Test_D_8 -->
