<?xml version="1.0" encoding="UTF-8"?>
<!-- Generated by org.testng.reporters.JUnitReportReporter -->
<testsuite hostname="DESKTOP-VC7TINH" failures="0" tests="1" name="Test_2.Test_D_4" time="27.326" errors="0" timestamp="2022-08-14T16:56:15 IST" skipped="0">
  <testcase classname="Test_2.Test_D_4" name="Test5" time="27.326"/>
  <system-out/>
</testsuite> <!-- Test_2.Test_D_4 -->
