<?xml version="1.0" encoding="UTF-8"?>
<!-- Generated by org.testng.reporters.JUnitReportReporter -->
<testsuite hostname="DESKTOP-VC7TINH" failures="0" tests="2" name="Test_3.Test_D_2" time="0.020" errors="0" timestamp="2022-08-15T19:49:48 IST" skipped="0">
  <testcase classname="Test_3.Test_D_2" name="verify_test_1" time="0.006"/>
  <system-out/>
  <testcase classname="Test_3.Test_D_2" name="Test_2" time="0.014"/>
  <system-out/>
</testsuite> <!-- Test_3.Test_D_2 -->
