<?xml version="1.0" encoding="UTF-8"?>
<!-- Generated by org.testng.reporters.JUnitReportReporter -->
<testsuite hostname="DESKTOP-VC7TINH" failures="0" tests="5" name="Test_2.Test_D_6" time="0.007" errors="0" timestamp="2022-08-14T16:56:15 IST" skipped="1">
  <testcase classname="Test_2.Test_D_6" name="A" time="0.001"/>
  <system-out/>
  <testcase classname="Test_2.Test_D_6" name="A" time="0.003"/>
  <system-out/>
  <testcase classname="Test_2.Test_D_6" name="A" time="0.001"/>
  <system-out/>
  <testcase classname="Test_2.Test_D_6" name="B" time="0.002"/>
  <system-out/>
  <testcase classname="Test_2.Test_D_6" name="C">
    <skipped/>
  </testcase> <!-- C -->
  <system-out/>
</testsuite> <!-- Test_2.Test_D_6 -->
